2024-01-27T13:55:41+00:00 CRITICAL Uncaught TypeError: Unsupported operand types: float + string in C:\xampp\htdocs\wordpress\wp-content\plugins\wp-foodbakery\frontend\templates\dashboards\publisher\publisher-withdrawals.php:62
Stack trace:
#0 C:\xampp\htdocs\wordpress\wp-includes\class-wp-hook.php(324): Foodbakery_Publisher_Withdrawals->foodbakery_publisher_withdrawals_callback('')
#1 C:\xampp\htdocs\wordpress\wp-includes\class-wp-hook.php(348): WP_Hook->apply_filters('', Array)
#2 C:\xampp\htdocs\wordpress\wp-includes\plugin.php(517): WP_Hook->do_action(Array)
#3 C:\xampp\htdocs\wordpress\wp-admin\admin-ajax.php(188): do_action('wp_ajax_foodbak...')
#4 {main}
  thrown en C:\xampp\htdocs\wordpress\wp-content\plugins\wp-foodbakery\frontend\templates\dashboards\publisher\publisher-withdrawals.php en la línea 62

2024-01-27T13:56:00+00:00 CRITICAL Uncaught TypeError: Unsupported operand types: float + string in C:\xampp\htdocs\wordpress\wp-content\plugins\wp-foodbakery\frontend\templates\dashboards\publisher\publisher-withdrawals.php:62
Stack trace:
#0 C:\xampp\htdocs\wordpress\wp-includes\class-wp-hook.php(324): Foodbakery_Publisher_Withdrawals->foodbakery_publisher_withdrawals_callback('')
#1 C:\xampp\htdocs\wordpress\wp-includes\class-wp-hook.php(348): WP_Hook->apply_filters('', Array)
#2 C:\xampp\htdocs\wordpress\wp-includes\plugin.php(517): WP_Hook->do_action(Array)
#3 C:\xampp\htdocs\wordpress\wp-admin\admin-ajax.php(188): do_action('wp_ajax_foodbak...')
#4 {main}
  thrown en C:\xampp\htdocs\wordpress\wp-content\plugins\wp-foodbakery\frontend\templates\dashboards\publisher\publisher-withdrawals.php en la línea 62

2024-01-27T13:56:34+00:00 CRITICAL Uncaught TypeError: Unsupported operand types: float + string in C:\xampp\htdocs\wordpress\wp-content\plugins\wp-foodbakery\frontend\templates\dashboards\publisher\publisher-earnings.php:78
Stack trace:
#0 C:\xampp\htdocs\wordpress\wp-includes\class-wp-hook.php(324): Foodbakery_Publisher_Earnings->foodbakery_publisher_earnings_callback('')
#1 C:\xampp\htdocs\wordpress\wp-includes\class-wp-hook.php(348): WP_Hook->apply_filters('', Array)
#2 C:\xampp\htdocs\wordpress\wp-includes\plugin.php(517): WP_Hook->do_action(Array)
#3 C:\xampp\htdocs\wordpress\wp-admin\admin-ajax.php(188): do_action('wp_ajax_foodbak...')
#4 {main}
  thrown en C:\xampp\htdocs\wordpress\wp-content\plugins\wp-foodbakery\frontend\templates\dashboards\publisher\publisher-earnings.php en la línea 78

2024-01-27T13:57:04+00:00 CRITICAL Uncaught TypeError: Unsupported operand types: float + string in C:\xampp\htdocs\wordpress\wp-content\plugins\wp-foodbakery\frontend\templates\dashboards\publisher\publisher-earnings.php:78
Stack trace:
#0 C:\xampp\htdocs\wordpress\wp-includes\class-wp-hook.php(324): Foodbakery_Publisher_Earnings->foodbakery_publisher_earnings_callback('')
#1 C:\xampp\htdocs\wordpress\wp-includes\class-wp-hook.php(348): WP_Hook->apply_filters('', Array)
#2 C:\xampp\htdocs\wordpress\wp-includes\plugin.php(517): WP_Hook->do_action(Array)
#3 C:\xampp\htdocs\wordpress\wp-admin\admin-ajax.php(188): do_action('wp_ajax_foodbak...')
#4 {main}
  thrown en C:\xampp\htdocs\wordpress\wp-content\plugins\wp-foodbakery\frontend\templates\dashboards\publisher\publisher-earnings.php en la línea 78

2024-01-27T14:03:01+00:00 CRITICAL Uncaught TypeError: Unsupported operand types: float + string in C:\xampp\htdocs\wordpress\wp-content\plugins\wp-foodbakery\frontend\templates\dashboards\publisher\publisher-withdrawals.php:62
Stack trace:
#0 C:\xampp\htdocs\wordpress\wp-includes\class-wp-hook.php(324): Foodbakery_Publisher_Withdrawals->foodbakery_publisher_withdrawals_callback('')
#1 C:\xampp\htdocs\wordpress\wp-includes\class-wp-hook.php(348): WP_Hook->apply_filters('', Array)
#2 C:\xampp\htdocs\wordpress\wp-includes\plugin.php(517): WP_Hook->do_action(Array)
#3 C:\xampp\htdocs\wordpress\wp-admin\admin-ajax.php(188): do_action('wp_ajax_foodbak...')
#4 {main}
  thrown en C:\xampp\htdocs\wordpress\wp-content\plugins\wp-foodbakery\frontend\templates\dashboards\publisher\publisher-withdrawals.php en la línea 62

2024-01-27T14:03:39+00:00 CRITICAL Uncaught TypeError: Unsupported operand types: float + string in C:\xampp\htdocs\wordpress\wp-content\plugins\wp-foodbakery\frontend\templates\dashboards\publisher\publisher-withdrawals.php:62
Stack trace:
#0 C:\xampp\htdocs\wordpress\wp-includes\class-wp-hook.php(324): Foodbakery_Publisher_Withdrawals->foodbakery_publisher_withdrawals_callback('')
#1 C:\xampp\htdocs\wordpress\wp-includes\class-wp-hook.php(348): WP_Hook->apply_filters('', Array)
#2 C:\xampp\htdocs\wordpress\wp-includes\plugin.php(517): WP_Hook->do_action(Array)
#3 C:\xampp\htdocs\wordpress\wp-admin\admin-ajax.php(188): do_action('wp_ajax_foodbak...')
#4 {main}
  thrown en C:\xampp\htdocs\wordpress\wp-content\plugins\wp-foodbakery\frontend\templates\dashboards\publisher\publisher-withdrawals.php en la línea 62

2024-01-27T14:03:46+00:00 CRITICAL Uncaught TypeError: Unsupported operand types: float + string in C:\xampp\htdocs\wordpress\wp-content\plugins\wp-foodbakery\frontend\templates\dashboards\publisher\publisher-withdrawals.php:62
Stack trace:
#0 C:\xampp\htdocs\wordpress\wp-includes\class-wp-hook.php(324): Foodbakery_Publisher_Withdrawals->foodbakery_publisher_withdrawals_callback('')
#1 C:\xampp\htdocs\wordpress\wp-includes\class-wp-hook.php(348): WP_Hook->apply_filters('', Array)
#2 C:\xampp\htdocs\wordpress\wp-includes\plugin.php(517): WP_Hook->do_action(Array)
#3 C:\xampp\htdocs\wordpress\wp-admin\admin-ajax.php(188): do_action('wp_ajax_foodbak...')
#4 {main}
  thrown en C:\xampp\htdocs\wordpress\wp-content\plugins\wp-foodbakery\frontend\templates\dashboards\publisher\publisher-withdrawals.php en la línea 62

2024-01-27T14:04:22+00:00 CRITICAL Uncaught TypeError: Unsupported operand types: float + string in C:\xampp\htdocs\wordpress\wp-content\plugins\wp-foodbakery\frontend\templates\dashboards\publisher\publisher-earnings.php:78
Stack trace:
#0 C:\xampp\htdocs\wordpress\wp-includes\class-wp-hook.php(324): Foodbakery_Publisher_Earnings->foodbakery_publisher_earnings_callback('')
#1 C:\xampp\htdocs\wordpress\wp-includes\class-wp-hook.php(348): WP_Hook->apply_filters('', Array)
#2 C:\xampp\htdocs\wordpress\wp-includes\plugin.php(517): WP_Hook->do_action(Array)
#3 C:\xampp\htdocs\wordpress\wp-admin\admin-ajax.php(188): do_action('wp_ajax_foodbak...')
#4 {main}
  thrown en C:\xampp\htdocs\wordpress\wp-content\plugins\wp-foodbakery\frontend\templates\dashboards\publisher\publisher-earnings.php en la línea 78

2024-01-27T14:06:09+00:00 CRITICAL Uncaught TypeError: Unsupported operand types: float + string in C:\xampp\htdocs\wordpress\wp-content\plugins\wp-foodbakery\frontend\templates\dashboards\publisher\publisher-earnings.php:78
Stack trace:
#0 C:\xampp\htdocs\wordpress\wp-includes\class-wp-hook.php(324): Foodbakery_Publisher_Earnings->foodbakery_publisher_earnings_callback('')
#1 C:\xampp\htdocs\wordpress\wp-includes\class-wp-hook.php(348): WP_Hook->apply_filters('', Array)
#2 C:\xampp\htdocs\wordpress\wp-includes\plugin.php(517): WP_Hook->do_action(Array)
#3 C:\xampp\htdocs\wordpress\wp-admin\admin-ajax.php(188): do_action('wp_ajax_foodbak...')
#4 {main}
  thrown en C:\xampp\htdocs\wordpress\wp-content\plugins\wp-foodbakery\frontend\templates\dashboards\publisher\publisher-earnings.php en la línea 78

2024-01-27T14:06:27+00:00 CRITICAL Uncaught TypeError: Unsupported operand types: float + string in C:\xampp\htdocs\wordpress\wp-content\plugins\wp-foodbakery\frontend\templates\dashboards\publisher\publisher-withdrawals.php:62
Stack trace:
#0 C:\xampp\htdocs\wordpress\wp-includes\class-wp-hook.php(324): Foodbakery_Publisher_Withdrawals->foodbakery_publisher_withdrawals_callback('')
#1 C:\xampp\htdocs\wordpress\wp-includes\class-wp-hook.php(348): WP_Hook->apply_filters('', Array)
#2 C:\xampp\htdocs\wordpress\wp-includes\plugin.php(517): WP_Hook->do_action(Array)
#3 C:\xampp\htdocs\wordpress\wp-admin\admin-ajax.php(188): do_action('wp_ajax_foodbak...')
#4 {main}
  thrown en C:\xampp\htdocs\wordpress\wp-content\plugins\wp-foodbakery\frontend\templates\dashboards\publisher\publisher-withdrawals.php en la línea 62

2024-01-27T14:22:52+00:00 CRITICAL Uncaught TypeError: Unsupported operand types: float + string in C:\xampp\htdocs\wordpress\wp-content\plugins\wp-foodbakery\frontend\templates\dashboards\publisher\publisher-withdrawals.php:62
Stack trace:
#0 C:\xampp\htdocs\wordpress\wp-includes\class-wp-hook.php(324): Foodbakery_Publisher_Withdrawals->foodbakery_publisher_withdrawals_callback('')
#1 C:\xampp\htdocs\wordpress\wp-includes\class-wp-hook.php(348): WP_Hook->apply_filters('', Array)
#2 C:\xampp\htdocs\wordpress\wp-includes\plugin.php(517): WP_Hook->do_action(Array)
#3 C:\xampp\htdocs\wordpress\wp-admin\admin-ajax.php(188): do_action('wp_ajax_foodbak...')
#4 {main}
  thrown en C:\xampp\htdocs\wordpress\wp-content\plugins\wp-foodbakery\frontend\templates\dashboards\publisher\publisher-withdrawals.php en la línea 62

2024-01-27T14:22:59+00:00 CRITICAL Uncaught TypeError: Unsupported operand types: float + string in C:\xampp\htdocs\wordpress\wp-content\plugins\wp-foodbakery\frontend\templates\dashboards\publisher\publisher-earnings.php:78
Stack trace:
#0 C:\xampp\htdocs\wordpress\wp-includes\class-wp-hook.php(324): Foodbakery_Publisher_Earnings->foodbakery_publisher_earnings_callback('')
#1 C:\xampp\htdocs\wordpress\wp-includes\class-wp-hook.php(348): WP_Hook->apply_filters('', Array)
#2 C:\xampp\htdocs\wordpress\wp-includes\plugin.php(517): WP_Hook->do_action(Array)
#3 C:\xampp\htdocs\wordpress\wp-admin\admin-ajax.php(188): do_action('wp_ajax_foodbak...')
#4 {main}
  thrown en C:\xampp\htdocs\wordpress\wp-content\plugins\wp-foodbakery\frontend\templates\dashboards\publisher\publisher-earnings.php en la línea 78

2024-01-27T14:23:05+00:00 CRITICAL Uncaught TypeError: Unsupported operand types: float + string in C:\xampp\htdocs\wordpress\wp-content\plugins\wp-foodbakery\frontend\templates\dashboards\publisher\publisher-withdrawals.php:62
Stack trace:
#0 C:\xampp\htdocs\wordpress\wp-includes\class-wp-hook.php(324): Foodbakery_Publisher_Withdrawals->foodbakery_publisher_withdrawals_callback('')
#1 C:\xampp\htdocs\wordpress\wp-includes\class-wp-hook.php(348): WP_Hook->apply_filters('', Array)
#2 C:\xampp\htdocs\wordpress\wp-includes\plugin.php(517): WP_Hook->do_action(Array)
#3 C:\xampp\htdocs\wordpress\wp-admin\admin-ajax.php(188): do_action('wp_ajax_foodbak...')
#4 {main}
  thrown en C:\xampp\htdocs\wordpress\wp-content\plugins\wp-foodbakery\frontend\templates\dashboards\publisher\publisher-withdrawals.php en la línea 62

2024-01-27T14:42:56+00:00 CRITICAL Uncaught TypeError: Unsupported operand types: float + string in C:\xampp\htdocs\wordpress\wp-content\plugins\wp-foodbakery\frontend\templates\dashboards\publisher\publisher-withdrawals.php:62
Stack trace:
#0 C:\xampp\htdocs\wordpress\wp-includes\class-wp-hook.php(324): Foodbakery_Publisher_Withdrawals->foodbakery_publisher_withdrawals_callback('')
#1 C:\xampp\htdocs\wordpress\wp-includes\class-wp-hook.php(348): WP_Hook->apply_filters('', Array)
#2 C:\xampp\htdocs\wordpress\wp-includes\plugin.php(517): WP_Hook->do_action(Array)
#3 C:\xampp\htdocs\wordpress\wp-admin\admin-ajax.php(188): do_action('wp_ajax_foodbak...')
#4 {main}
  thrown en C:\xampp\htdocs\wordpress\wp-content\plugins\wp-foodbakery\frontend\templates\dashboards\publisher\publisher-withdrawals.php en la línea 62

2024-01-27T14:43:13+00:00 CRITICAL Uncaught TypeError: Unsupported operand types: float + string in C:\xampp\htdocs\wordpress\wp-content\plugins\wp-foodbakery\frontend\templates\dashboards\publisher\publisher-withdrawals.php:62
Stack trace:
#0 C:\xampp\htdocs\wordpress\wp-includes\class-wp-hook.php(324): Foodbakery_Publisher_Withdrawals->foodbakery_publisher_withdrawals_callback('')
#1 C:\xampp\htdocs\wordpress\wp-includes\class-wp-hook.php(348): WP_Hook->apply_filters('', Array)
#2 C:\xampp\htdocs\wordpress\wp-includes\plugin.php(517): WP_Hook->do_action(Array)
#3 C:\xampp\htdocs\wordpress\wp-admin\admin-ajax.php(188): do_action('wp_ajax_foodbak...')
#4 {main}
  thrown en C:\xampp\htdocs\wordpress\wp-content\plugins\wp-foodbakery\frontend\templates\dashboards\publisher\publisher-withdrawals.php en la línea 62

2024-01-27T14:43:43+00:00 CRITICAL Uncaught TypeError: Unsupported operand types: float + string in C:\xampp\htdocs\wordpress\wp-content\plugins\wp-foodbakery\frontend\templates\dashboards\publisher\publisher-withdrawals.php:62
Stack trace:
#0 C:\xampp\htdocs\wordpress\wp-includes\class-wp-hook.php(324): Foodbakery_Publisher_Withdrawals->foodbakery_publisher_withdrawals_callback('')
#1 C:\xampp\htdocs\wordpress\wp-includes\class-wp-hook.php(348): WP_Hook->apply_filters('', Array)
#2 C:\xampp\htdocs\wordpress\wp-includes\plugin.php(517): WP_Hook->do_action(Array)
#3 C:\xampp\htdocs\wordpress\wp-admin\admin-ajax.php(188): do_action('wp_ajax_foodbak...')
#4 {main}
  thrown en C:\xampp\htdocs\wordpress\wp-content\plugins\wp-foodbakery\frontend\templates\dashboards\publisher\publisher-withdrawals.php en la línea 62

2024-01-27T14:43:44+00:00 CRITICAL Uncaught TypeError: Unsupported operand types: float + string in C:\xampp\htdocs\wordpress\wp-content\plugins\wp-foodbakery\frontend\templates\dashboards\publisher\publisher-earnings.php:78
Stack trace:
#0 C:\xampp\htdocs\wordpress\wp-includes\class-wp-hook.php(324): Foodbakery_Publisher_Earnings->foodbakery_publisher_earnings_callback('')
#1 C:\xampp\htdocs\wordpress\wp-includes\class-wp-hook.php(348): WP_Hook->apply_filters('', Array)
#2 C:\xampp\htdocs\wordpress\wp-includes\plugin.php(517): WP_Hook->do_action(Array)
#3 C:\xampp\htdocs\wordpress\wp-admin\admin-ajax.php(188): do_action('wp_ajax_foodbak...')
#4 {main}
  thrown en C:\xampp\htdocs\wordpress\wp-content\plugins\wp-foodbakery\frontend\templates\dashboards\publisher\publisher-earnings.php en la línea 78

2024-01-27T14:43:46+00:00 CRITICAL Uncaught TypeError: Unsupported operand types: float + string in C:\xampp\htdocs\wordpress\wp-content\plugins\wp-foodbakery\frontend\templates\dashboards\publisher\publisher-withdrawals.php:62
Stack trace:
#0 C:\xampp\htdocs\wordpress\wp-includes\class-wp-hook.php(324): Foodbakery_Publisher_Withdrawals->foodbakery_publisher_withdrawals_callback('')
#1 C:\xampp\htdocs\wordpress\wp-includes\class-wp-hook.php(348): WP_Hook->apply_filters('', Array)
#2 C:\xampp\htdocs\wordpress\wp-includes\plugin.php(517): WP_Hook->do_action(Array)
#3 C:\xampp\htdocs\wordpress\wp-admin\admin-ajax.php(188): do_action('wp_ajax_foodbak...')
#4 {main}
  thrown en C:\xampp\htdocs\wordpress\wp-content\plugins\wp-foodbakery\frontend\templates\dashboards\publisher\publisher-withdrawals.php en la línea 62

2024-01-27T14:44:08+00:00 CRITICAL Uncaught TypeError: Unsupported operand types: float + string in C:\xampp\htdocs\wordpress\wp-content\plugins\wp-foodbakery\frontend\templates\dashboards\publisher\publisher-withdrawals.php:62
Stack trace:
#0 C:\xampp\htdocs\wordpress\wp-includes\class-wp-hook.php(324): Foodbakery_Publisher_Withdrawals->foodbakery_publisher_withdrawals_callback('')
#1 C:\xampp\htdocs\wordpress\wp-includes\class-wp-hook.php(348): WP_Hook->apply_filters('', Array)
#2 C:\xampp\htdocs\wordpress\wp-includes\plugin.php(517): WP_Hook->do_action(Array)
#3 C:\xampp\htdocs\wordpress\wp-admin\admin-ajax.php(188): do_action('wp_ajax_foodbak...')
#4 {main}
  thrown en C:\xampp\htdocs\wordpress\wp-content\plugins\wp-foodbakery\frontend\templates\dashboards\publisher\publisher-withdrawals.php en la línea 62

2024-01-27T14:45:12+00:00 CRITICAL Uncaught TypeError: Unsupported operand types: float + string in C:\xampp\htdocs\wordpress\wp-content\plugins\wp-foodbakery\frontend\templates\dashboards\publisher\publisher-withdrawals.php:62
Stack trace:
#0 C:\xampp\htdocs\wordpress\wp-includes\class-wp-hook.php(324): Foodbakery_Publisher_Withdrawals->foodbakery_publisher_withdrawals_callback('')
#1 C:\xampp\htdocs\wordpress\wp-includes\class-wp-hook.php(348): WP_Hook->apply_filters('', Array)
#2 C:\xampp\htdocs\wordpress\wp-includes\plugin.php(517): WP_Hook->do_action(Array)
#3 C:\xampp\htdocs\wordpress\wp-admin\admin-ajax.php(188): do_action('wp_ajax_foodbak...')
#4 {main}
  thrown en C:\xampp\htdocs\wordpress\wp-content\plugins\wp-foodbakery\frontend\templates\dashboards\publisher\publisher-withdrawals.php en la línea 62

2024-01-27T14:54:15+00:00 CRITICAL Uncaught TypeError: Unsupported operand types: float + string in C:\xampp\htdocs\wordpress\wp-content\plugins\wp-foodbakery\frontend\templates\dashboards\publisher\publisher-withdrawals.php:62
Stack trace:
#0 C:\xampp\htdocs\wordpress\wp-includes\class-wp-hook.php(324): Foodbakery_Publisher_Withdrawals->foodbakery_publisher_withdrawals_callback('')
#1 C:\xampp\htdocs\wordpress\wp-includes\class-wp-hook.php(348): WP_Hook->apply_filters('', Array)
#2 C:\xampp\htdocs\wordpress\wp-includes\plugin.php(517): WP_Hook->do_action(Array)
#3 C:\xampp\htdocs\wordpress\wp-admin\admin-ajax.php(188): do_action('wp_ajax_foodbak...')
#4 {main}
  thrown en C:\xampp\htdocs\wordpress\wp-content\plugins\wp-foodbakery\frontend\templates\dashboards\publisher\publisher-withdrawals.php en la línea 62

2024-01-27T14:54:51+00:00 CRITICAL Uncaught TypeError: Unsupported operand types: float + string in C:\xampp\htdocs\wordpress\wp-content\plugins\wp-foodbakery\frontend\templates\dashboards\publisher\publisher-withdrawals.php:62
Stack trace:
#0 C:\xampp\htdocs\wordpress\wp-includes\class-wp-hook.php(324): Foodbakery_Publisher_Withdrawals->foodbakery_publisher_withdrawals_callback('')
#1 C:\xampp\htdocs\wordpress\wp-includes\class-wp-hook.php(348): WP_Hook->apply_filters('', Array)
#2 C:\xampp\htdocs\wordpress\wp-includes\plugin.php(517): WP_Hook->do_action(Array)
#3 C:\xampp\htdocs\wordpress\wp-admin\admin-ajax.php(188): do_action('wp_ajax_foodbak...')
#4 {main}
  thrown en C:\xampp\htdocs\wordpress\wp-content\plugins\wp-foodbakery\frontend\templates\dashboards\publisher\publisher-withdrawals.php en la línea 62

2024-01-27T15:01:34+00:00 CRITICAL Uncaught TypeError: Unsupported operand types: float + string in C:\xampp\htdocs\wordpress\wp-content\plugins\wp-foodbakery\frontend\templates\dashboards\publisher\publisher-earnings.php:78
Stack trace:
#0 C:\xampp\htdocs\wordpress\wp-includes\class-wp-hook.php(324): Foodbakery_Publisher_Earnings->foodbakery_publisher_earnings_callback('')
#1 C:\xampp\htdocs\wordpress\wp-includes\class-wp-hook.php(348): WP_Hook->apply_filters('', Array)
#2 C:\xampp\htdocs\wordpress\wp-includes\plugin.php(517): WP_Hook->do_action(Array)
#3 C:\xampp\htdocs\wordpress\wp-admin\admin-ajax.php(188): do_action('wp_ajax_foodbak...')
#4 {main}
  thrown en C:\xampp\htdocs\wordpress\wp-content\plugins\wp-foodbakery\frontend\templates\dashboards\publisher\publisher-earnings.php en la línea 78

2024-01-27T15:02:23+00:00 CRITICAL Uncaught TypeError: Unsupported operand types: float + string in C:\xampp\htdocs\wordpress\wp-content\plugins\wp-foodbakery\frontend\templates\dashboards\publisher\publisher-withdrawals.php:62
Stack trace:
#0 C:\xampp\htdocs\wordpress\wp-includes\class-wp-hook.php(324): Foodbakery_Publisher_Withdrawals->foodbakery_publisher_withdrawals_callback('')
#1 C:\xampp\htdocs\wordpress\wp-includes\class-wp-hook.php(348): WP_Hook->apply_filters('', Array)
#2 C:\xampp\htdocs\wordpress\wp-includes\plugin.php(517): WP_Hook->do_action(Array)
#3 C:\xampp\htdocs\wordpress\wp-admin\admin-ajax.php(188): do_action('wp_ajax_foodbak...')
#4 {main}
  thrown en C:\xampp\htdocs\wordpress\wp-content\plugins\wp-foodbakery\frontend\templates\dashboards\publisher\publisher-withdrawals.php en la línea 62

2024-01-27T15:02:24+00:00 CRITICAL Uncaught TypeError: Unsupported operand types: float + string in C:\xampp\htdocs\wordpress\wp-content\plugins\wp-foodbakery\frontend\templates\dashboards\publisher\publisher-withdrawals.php:62
Stack trace:
#0 C:\xampp\htdocs\wordpress\wp-includes\class-wp-hook.php(324): Foodbakery_Publisher_Withdrawals->foodbakery_publisher_withdrawals_callback('')
#1 C:\xampp\htdocs\wordpress\wp-includes\class-wp-hook.php(348): WP_Hook->apply_filters('', Array)
#2 C:\xampp\htdocs\wordpress\wp-includes\plugin.php(517): WP_Hook->do_action(Array)
#3 C:\xampp\htdocs\wordpress\wp-admin\admin-ajax.php(188): do_action('wp_ajax_foodbak...')
#4 {main}
  thrown en C:\xampp\htdocs\wordpress\wp-content\plugins\wp-foodbakery\frontend\templates\dashboards\publisher\publisher-withdrawals.php en la línea 62

2024-01-27T15:06:29+00:00 CRITICAL Uncaught TypeError: Unsupported operand types: float + string in C:\xampp\htdocs\wordpress\wp-content\plugins\wp-foodbakery\frontend\templates\dashboards\publisher\publisher-withdrawals.php:62
Stack trace:
#0 C:\xampp\htdocs\wordpress\wp-includes\class-wp-hook.php(324): Foodbakery_Publisher_Withdrawals->foodbakery_publisher_withdrawals_callback('')
#1 C:\xampp\htdocs\wordpress\wp-includes\class-wp-hook.php(348): WP_Hook->apply_filters('', Array)
#2 C:\xampp\htdocs\wordpress\wp-includes\plugin.php(517): WP_Hook->do_action(Array)
#3 C:\xampp\htdocs\wordpress\wp-admin\admin-ajax.php(188): do_action('wp_ajax_foodbak...')
#4 {main}
  thrown en C:\xampp\htdocs\wordpress\wp-content\plugins\wp-foodbakery\frontend\templates\dashboards\publisher\publisher-withdrawals.php en la línea 62

2024-01-27T15:06:32+00:00 CRITICAL Uncaught TypeError: Unsupported operand types: float + string in C:\xampp\htdocs\wordpress\wp-content\plugins\wp-foodbakery\frontend\templates\dashboards\publisher\publisher-earnings.php:78
Stack trace:
#0 C:\xampp\htdocs\wordpress\wp-includes\class-wp-hook.php(324): Foodbakery_Publisher_Earnings->foodbakery_publisher_earnings_callback('')
#1 C:\xampp\htdocs\wordpress\wp-includes\class-wp-hook.php(348): WP_Hook->apply_filters('', Array)
#2 C:\xampp\htdocs\wordpress\wp-includes\plugin.php(517): WP_Hook->do_action(Array)
#3 C:\xampp\htdocs\wordpress\wp-admin\admin-ajax.php(188): do_action('wp_ajax_foodbak...')
#4 {main}
  thrown en C:\xampp\htdocs\wordpress\wp-content\plugins\wp-foodbakery\frontend\templates\dashboards\publisher\publisher-earnings.php en la línea 78

2024-01-27T15:06:35+00:00 CRITICAL Uncaught TypeError: Unsupported operand types: float + string in C:\xampp\htdocs\wordpress\wp-content\plugins\wp-foodbakery\frontend\templates\dashboards\publisher\publisher-withdrawals.php:62
Stack trace:
#0 C:\xampp\htdocs\wordpress\wp-includes\class-wp-hook.php(324): Foodbakery_Publisher_Withdrawals->foodbakery_publisher_withdrawals_callback('')
#1 C:\xampp\htdocs\wordpress\wp-includes\class-wp-hook.php(348): WP_Hook->apply_filters('', Array)
#2 C:\xampp\htdocs\wordpress\wp-includes\plugin.php(517): WP_Hook->do_action(Array)
#3 C:\xampp\htdocs\wordpress\wp-admin\admin-ajax.php(188): do_action('wp_ajax_foodbak...')
#4 {main}
  thrown en C:\xampp\htdocs\wordpress\wp-content\plugins\wp-foodbakery\frontend\templates\dashboards\publisher\publisher-withdrawals.php en la línea 62

2024-01-27T15:07:19+00:00 CRITICAL Uncaught TypeError: Unsupported operand types: float + string in C:\xampp\htdocs\wordpress\wp-content\plugins\wp-foodbakery\frontend\templates\dashboards\publisher\publisher-withdrawals.php:62
Stack trace:
#0 C:\xampp\htdocs\wordpress\wp-includes\class-wp-hook.php(324): Foodbakery_Publisher_Withdrawals->foodbakery_publisher_withdrawals_callback('')
#1 C:\xampp\htdocs\wordpress\wp-includes\class-wp-hook.php(348): WP_Hook->apply_filters('', Array)
#2 C:\xampp\htdocs\wordpress\wp-includes\plugin.php(517): WP_Hook->do_action(Array)
#3 C:\xampp\htdocs\wordpress\wp-admin\admin-ajax.php(188): do_action('wp_ajax_foodbak...')
#4 {main}
  thrown en C:\xampp\htdocs\wordpress\wp-content\plugins\wp-foodbakery\frontend\templates\dashboards\publisher\publisher-withdrawals.php en la línea 62

2024-01-27T15:10:53+00:00 CRITICAL Uncaught TypeError: Unsupported operand types: float + string in C:\xampp\htdocs\wordpress\wp-content\plugins\wp-foodbakery\frontend\templates\dashboards\publisher\publisher-withdrawals.php:62
Stack trace:
#0 C:\xampp\htdocs\wordpress\wp-includes\class-wp-hook.php(324): Foodbakery_Publisher_Withdrawals->foodbakery_publisher_withdrawals_callback('')
#1 C:\xampp\htdocs\wordpress\wp-includes\class-wp-hook.php(348): WP_Hook->apply_filters('', Array)
#2 C:\xampp\htdocs\wordpress\wp-includes\plugin.php(517): WP_Hook->do_action(Array)
#3 C:\xampp\htdocs\wordpress\wp-admin\admin-ajax.php(188): do_action('wp_ajax_foodbak...')
#4 {main}
  thrown en C:\xampp\htdocs\wordpress\wp-content\plugins\wp-foodbakery\frontend\templates\dashboards\publisher\publisher-withdrawals.php en la línea 62

2024-01-27T15:21:20+00:00 CRITICAL Uncaught TypeError: Unsupported operand types: float + string in C:\xampp\htdocs\wordpress\wp-content\plugins\wp-foodbakery\frontend\templates\dashboards\publisher\publisher-withdrawals.php:62
Stack trace:
#0 C:\xampp\htdocs\wordpress\wp-includes\class-wp-hook.php(324): Foodbakery_Publisher_Withdrawals->foodbakery_publisher_withdrawals_callback('')
#1 C:\xampp\htdocs\wordpress\wp-includes\class-wp-hook.php(348): WP_Hook->apply_filters('', Array)
#2 C:\xampp\htdocs\wordpress\wp-includes\plugin.php(517): WP_Hook->do_action(Array)
#3 C:\xampp\htdocs\wordpress\wp-admin\admin-ajax.php(188): do_action('wp_ajax_foodbak...')
#4 {main}
  thrown en C:\xampp\htdocs\wordpress\wp-content\plugins\wp-foodbakery\frontend\templates\dashboards\publisher\publisher-withdrawals.php en la línea 62

2024-01-27T15:21:29+00:00 CRITICAL Uncaught TypeError: Unsupported operand types: float + string in C:\xampp\htdocs\wordpress\wp-content\plugins\wp-foodbakery\frontend\templates\dashboards\publisher\publisher-withdrawals.php:62
Stack trace:
#0 C:\xampp\htdocs\wordpress\wp-includes\class-wp-hook.php(324): Foodbakery_Publisher_Withdrawals->foodbakery_publisher_withdrawals_callback('')
#1 C:\xampp\htdocs\wordpress\wp-includes\class-wp-hook.php(348): WP_Hook->apply_filters('', Array)
#2 C:\xampp\htdocs\wordpress\wp-includes\plugin.php(517): WP_Hook->do_action(Array)
#3 C:\xampp\htdocs\wordpress\wp-admin\admin-ajax.php(188): do_action('wp_ajax_foodbak...')
#4 {main}
  thrown en C:\xampp\htdocs\wordpress\wp-content\plugins\wp-foodbakery\frontend\templates\dashboards\publisher\publisher-withdrawals.php en la línea 62

